<?xml version="1.0" encoding="utf-8"?>
<TestRun id="b55b069a-54f9-4fb4-b36c-05da71bba4bf" name="DuncanScuffell@DESKTOP-0FMA09F 2023-03-08 16:51:40" runUser="AzureAD\DuncanScuffell" xmlns="http://microsoft.com/schemas/VisualStudio/TeamTest/2010">
  <Times creation="2023-03-08T16:51:40.1910064+00:00" queuing="2023-03-08T16:51:40.1910115+00:00" start="2023-03-08T16:51:38.6565451+00:00" finish="2023-03-08T16:51:40.1991657+00:00" />
  <TestSettings name="default" id="0d412ca9-1424-4ec0-97c1-6594efd1c6f4">
    <Deployment runDeploymentRoot="DuncanScuffell_DESKTOP-0FMA09F_2023-03-08_16_51_40" />
  </TestSettings>
  <Results>
    <UnitTestResult executionId="3c1fb5cb-163c-46b7-aba9-72670a3f6375" testId="52869b96-c1a1-3e9f-a21e-a7393e9cfa64" testName="CalculatorTests.CalculatorTests.Add_ShouldReturnCorrectResult" computerName="DESKTOP-0FMA09F" duration="00:00:00.0000827" startTime="2023-03-08T16:51:40.0821465+00:00" endTime="2023-03-08T16:51:40.0821465+00:00" testType="13cdc9d9-ddb5-4fa4-a97d-d965ccfc6d4b" outcome="Passed" testListId="8c84fa94-04c1-424b-9868-57a2d4851a1d" relativeResultsDirectory="3c1fb5cb-163c-46b7-aba9-72670a3f6375" />
    <UnitTestResult executionId="b92bcc16-0a47-4e54-b22f-81913cd4a1f9" testId="6f715eb3-1337-f77f-c409-1cb61d7a1176" testName="CalculatorTests.CalculatorTests.Divide_ShouldThrowExceptionIfDivisorIsZero" computerName="DESKTOP-0FMA09F" duration="00:00:00.0003825" startTime="2023-03-08T16:51:40.0821206+00:00" endTime="2023-03-08T16:51:40.0821206+00:00" testType="13cdc9d9-ddb5-4fa4-a97d-d965ccfc6d4b" outcome="Passed" testListId="8c84fa94-04c1-424b-9868-57a2d4851a1d" relativeResultsDirectory="b92bcc16-0a47-4e54-b22f-81913cd4a1f9" />
    <UnitTestResult executionId="4dd1effa-a82e-4a1d-aab1-d82e3bd223c8" testId="4351bbde-ea87-6a30-470d-43adc372e487" testName="CalculatorTests.CalculatorTests.Divide_ShouldReturnCorrectResult" computerName="DESKTOP-0FMA09F" duration="00:00:00.0001450" startTime="2023-03-08T16:51:40.0815905+00:00" endTime="2023-03-08T16:51:40.0815906+00:00" testType="13cdc9d9-ddb5-4fa4-a97d-d965ccfc6d4b" outcome="Passed" testListId="8c84fa94-04c1-424b-9868-57a2d4851a1d" relativeResultsDirectory="4dd1effa-a82e-4a1d-aab1-d82e3bd223c8" />
    <UnitTestResult executionId="416f7a38-8911-40b1-a8f0-4c8231344203" testId="69ffb72a-1c0d-9710-6596-f958c069a33b" testName="CalculatorTests.CalculatorTests.Subtract_ShouldReturnCorrectResult" computerName="DESKTOP-0FMA09F" duration="00:00:00.0000779" startTime="2023-03-08T16:51:40.0820960+00:00" endTime="2023-03-08T16:51:40.0820961+00:00" testType="13cdc9d9-ddb5-4fa4-a97d-d965ccfc6d4b" outcome="Passed" testListId="8c84fa94-04c1-424b-9868-57a2d4851a1d" relativeResultsDirectory="416f7a38-8911-40b1-a8f0-4c8231344203" />
    <UnitTestResult executionId="c39c82d8-525b-44ec-b003-974e42458188" testId="0afd9ceb-a7b5-a2ea-8194-5dfbf1109df3" testName="CalculatorTests.CalculatorTests.Multiply_ShouldReturnCorrectResult" computerName="DESKTOP-0FMA09F" duration="00:00:00.0025831" startTime="2023-03-08T16:51:40.0784144+00:00" endTime="2023-03-08T16:51:40.0784300+00:00" testType="13cdc9d9-ddb5-4fa4-a97d-d965ccfc6d4b" outcome="Passed" testListId="8c84fa94-04c1-424b-9868-57a2d4851a1d" relativeResultsDirectory="c39c82d8-525b-44ec-b003-974e42458188" />
  </Results>
  <TestDefinitions>
    <UnitTest name="CalculatorTests.CalculatorTests.Multiply_ShouldReturnCorrectResult" storage="c:\users\duncanscuffell\personal\sturdy-chainsaw\reports\dotnet-reports\calculator\calculatortests\bin\release\net7.0\calculatortests.dll" id="0afd9ceb-a7b5-a2ea-8194-5dfbf1109df3">
      <Execution id="c39c82d8-525b-44ec-b003-974e42458188" />
      <TestMethod codeBase="C:\Users\DuncanScuffell\Personal\sturdy-chainsaw\reports\dotnet-reports\Calculator\CalculatorTests\bin\Release\net7.0\CalculatorTests.dll" adapterTypeName="executor://xunit/VsTestRunner2/netcoreapp" className="CalculatorTests.CalculatorTests" name="Multiply_ShouldReturnCorrectResult" />
    </UnitTest>
    <UnitTest name="CalculatorTests.CalculatorTests.Divide_ShouldReturnCorrectResult" storage="c:\users\duncanscuffell\personal\sturdy-chainsaw\reports\dotnet-reports\calculator\calculatortests\bin\release\net7.0\calculatortests.dll" id="4351bbde-ea87-6a30-470d-43adc372e487">
      <Execution id="4dd1effa-a82e-4a1d-aab1-d82e3bd223c8" />
      <TestMethod codeBase="C:\Users\DuncanScuffell\Personal\sturdy-chainsaw\reports\dotnet-reports\Calculator\CalculatorTests\bin\Release\net7.0\CalculatorTests.dll" adapterTypeName="executor://xunit/VsTestRunner2/netcoreapp" className="CalculatorTests.CalculatorTests" name="Divide_ShouldReturnCorrectResult" />
    </UnitTest>
    <UnitTest name="CalculatorTests.CalculatorTests.Subtract_ShouldReturnCorrectResult" storage="c:\users\duncanscuffell\personal\sturdy-chainsaw\reports\dotnet-reports\calculator\calculatortests\bin\release\net7.0\calculatortests.dll" id="69ffb72a-1c0d-9710-6596-f958c069a33b">
      <Execution id="416f7a38-8911-40b1-a8f0-4c8231344203" />
      <TestMethod codeBase="C:\Users\DuncanScuffell\Personal\sturdy-chainsaw\reports\dotnet-reports\Calculator\CalculatorTests\bin\Release\net7.0\CalculatorTests.dll" adapterTypeName="executor://xunit/VsTestRunner2/netcoreapp" className="CalculatorTests.CalculatorTests" name="Subtract_ShouldReturnCorrectResult" />
    </UnitTest>
    <UnitTest name="CalculatorTests.CalculatorTests.Divide_ShouldThrowExceptionIfDivisorIsZero" storage="c:\users\duncanscuffell\personal\sturdy-chainsaw\reports\dotnet-reports\calculator\calculatortests\bin\release\net7.0\calculatortests.dll" id="6f715eb3-1337-f77f-c409-1cb61d7a1176">
      <Execution id="b92bcc16-0a47-4e54-b22f-81913cd4a1f9" />
      <TestMethod codeBase="C:\Users\DuncanScuffell\Personal\sturdy-chainsaw\reports\dotnet-reports\Calculator\CalculatorTests\bin\Release\net7.0\CalculatorTests.dll" adapterTypeName="executor://xunit/VsTestRunner2/netcoreapp" className="CalculatorTests.CalculatorTests" name="Divide_ShouldThrowExceptionIfDivisorIsZero" />
    </UnitTest>
    <UnitTest name="CalculatorTests.CalculatorTests.Add_ShouldReturnCorrectResult" storage="c:\users\duncanscuffell\personal\sturdy-chainsaw\reports\dotnet-reports\calculator\calculatortests\bin\release\net7.0\calculatortests.dll" id="52869b96-c1a1-3e9f-a21e-a7393e9cfa64">
      <Execution id="3c1fb5cb-163c-46b7-aba9-72670a3f6375" />
      <TestMethod codeBase="C:\Users\DuncanScuffell\Personal\sturdy-chainsaw\reports\dotnet-reports\Calculator\CalculatorTests\bin\Release\net7.0\CalculatorTests.dll" adapterTypeName="executor://xunit/VsTestRunner2/netcoreapp" className="CalculatorTests.CalculatorTests" name="Add_ShouldReturnCorrectResult" />
    </UnitTest>
  </TestDefinitions>
  <TestEntries>
    <TestEntry testId="52869b96-c1a1-3e9f-a21e-a7393e9cfa64" executionId="3c1fb5cb-163c-46b7-aba9-72670a3f6375" testListId="8c84fa94-04c1-424b-9868-57a2d4851a1d" />
    <TestEntry testId="6f715eb3-1337-f77f-c409-1cb61d7a1176" executionId="b92bcc16-0a47-4e54-b22f-81913cd4a1f9" testListId="8c84fa94-04c1-424b-9868-57a2d4851a1d" />
    <TestEntry testId="4351bbde-ea87-6a30-470d-43adc372e487" executionId="4dd1effa-a82e-4a1d-aab1-d82e3bd223c8" testListId="8c84fa94-04c1-424b-9868-57a2d4851a1d" />
    <TestEntry testId="69ffb72a-1c0d-9710-6596-f958c069a33b" executionId="416f7a38-8911-40b1-a8f0-4c8231344203" testListId="8c84fa94-04c1-424b-9868-57a2d4851a1d" />
    <TestEntry testId="0afd9ceb-a7b5-a2ea-8194-5dfbf1109df3" executionId="c39c82d8-525b-44ec-b003-974e42458188" testListId="8c84fa94-04c1-424b-9868-57a2d4851a1d" />
  </TestEntries>
  <TestLists>
    <TestList name="Results Not in a List" id="8c84fa94-04c1-424b-9868-57a2d4851a1d" />
    <TestList name="All Loaded Results" id="19431567-8539-422a-85d7-44ee4e166bda" />
  </TestLists>
  <ResultSummary outcome="Completed">
    <Counters total="5" executed="5" passed="5" failed="0" error="0" timeout="0" aborted="0" inconclusive="0" passedButRunAborted="0" notRunnable="0" notExecuted="0" disconnected="0" warning="0" completed="0" inProgress="0" pending="0" />
    <Output>
      <StdOut>[xUnit.net 00:00:00.00] xUnit.net VSTest Adapter v2.4.5+1caef2f33e (64-bit .NET 7.0.2)&#xD;
[xUnit.net 00:00:00.87]   Discovering: CalculatorTests&#xD;
[xUnit.net 00:00:00.90]   Discovered:  CalculatorTests&#xD;
[xUnit.net 00:00:00.90]   Starting:    CalculatorTests&#xD;
[xUnit.net 00:00:00.95]   Finished:    CalculatorTests&#xD;
</StdOut>
    </Output>
  </ResultSummary>
</TestRun>